[1013/220332.256:ERROR:process_reader_win.cc(151)] SuspendThread: Access is denied. (0x5)
[1013/220332.256:ERROR:process_reader_win.cc(151)] SuspendThread: Access is denied. (0x5)
[1013/220332.286:ERROR:process_reader_win.cc(151)] SuspendThread: Access is denied. (0x5)
[1013/220332.286:ERROR:process_reader_win.cc(151)] SuspendThread: Access is denied. (0x5)
[1013/220332.286:ERROR:process_reader_win.cc(151)] SuspendThread: Access is denied. (0x5)
[1013/220332.286:ERROR:process_reader_win.cc(151)] SuspendThread: Access is denied. (0x5)
[1013/220332.286:ERROR:process_reader_win.cc(151)] SuspendThread: Access is denied. (0x5)
[1013/220332.287:ERROR:process_reader_win.cc(151)] SuspendThread: Access is denied. (0x5)
[1013/220332.287:ERROR:process_reader_win.cc(151)] SuspendThread: Access is denied. (0x5)
[1013/220332.287:ERROR:process_reader_win.cc(151)] SuspendThread: Access is denied. (0x5)
[1013/220332.287:ERROR:process_reader_win.cc(151)] SuspendThread: Access is denied. (0x5)
[1013/220332.287:ERROR:process_reader_win.cc(151)] SuspendThread: Access is denied. (0x5)
[1013/220332.287:ERROR:process_reader_win.cc(151)] SuspendThread: Access is denied. (0x5)
[1013/220332.287:ERROR:process_reader_win.cc(151)] SuspendThread: Access is denied. (0x5)
[1013/220332.287:ERROR:process_reader_win.cc(151)] SuspendThread: Access is denied. (0x5)
[1013/220332.287:ERROR:process_reader_win.cc(151)] SuspendThread: Access is denied. (0x5)
[1013/220332.288:ERROR:process_reader_win.cc(151)] SuspendThread: Access is denied. (0x5)
[1013/220332.288:ERROR:process_reader_win.cc(151)] SuspendThread: Access is denied. (0x5)
[1013/220332.288:ERROR:process_reader_win.cc(151)] SuspendThread: Access is denied. (0x5)
[1013/220332.288:ERROR:process_reader_win.cc(151)] SuspendThread: Access is denied. (0x5)
[1013/220332.288:ERROR:process_reader_win.cc(151)] SuspendThread: Access is denied. (0x5)
[1013/220332.288:ERROR:process_reader_win.cc(151)] SuspendThread: Access is denied. (0x5)
[1013/220332.288:ERROR:process_reader_win.cc(151)] SuspendThread: Access is denied. (0x5)
[1013/220332.288:ERROR:process_reader_win.cc(151)] SuspendThread: Access is denied. (0x5)
[1013/220332.288:ERROR:process_reader_win.cc(123)] NtOpenThread: {Access Denied} A process has requested access to an object, but has not been granted those access rights. (0xc0000022)
[1013/220332.287:ERROR:process_reader_win.cc(123)] NtOpenThread: {Access Denied} A process has requested access to an object, but has not been granted those access rights. (0xc0000022)
[1013/220332.319:ERROR:exception_snapshot_win.cc(98)] thread ID 10860 not found in process
[1013/220332.319:ERROR:exception_snapshot_win.cc(98)] thread ID 7344 not found in process
[1013/220332.258:ERROR:process_reader_win.cc(123)] NtOpenThread: {Access Denied} A process has requested access to an object, but has not been granted those access rights. (0xc0000022)
[1013/220332.319:ERROR:exception_snapshot_win.cc(98)] thread ID 11392 not found in process
[1013/220332.258:ERROR:process_reader_win.cc(123)] NtOpenThread: {Access Denied} A process has requested access to an object, but has not been granted those access rights. (0xc0000022)
[1013/220332.320:ERROR:exception_snapshot_win.cc(98)] thread ID 1400 not found in process
[1014/115701.599:ERROR:process_reader_win.cc(123)] NtOpenThread: {Access Denied} A process has requested access to an object, but has not been granted those access rights. (0xc0000022)
[1014/115701.616:ERROR:process_reader_win.cc(123)] NtOpenThread: {Access Denied} A process has requested access to an object, but has not been granted those access rights. (0xc0000022)
[1014/115701.634:ERROR:exception_snapshot_win.cc(98)] thread ID 3872 not found in process
[1014/115701.634:ERROR:exception_snapshot_win.cc(98)] thread ID 8256 not found in process
[1014/122825.400:ERROR:process_reader_win.cc(151)] SuspendThread: Access is denied. (0x5)
[1014/122825.978:ERROR:process_reader_win.cc(123)] NtOpenThread: {Access Denied} A process has requested access to an object, but has not been granted those access rights. (0xc0000022)
[1014/122826.046:ERROR:exception_snapshot_win.cc(98)] thread ID 8996 not found in process
[1014/122826.244:ERROR:process_reader_win.cc(151)] SuspendThread: Access is denied. (0x5)
[1014/122826.244:ERROR:process_reader_win.cc(123)] NtOpenThread: {Access Denied} A process has requested access to an object, but has not been granted those access rights. (0xc0000022)
[1014/122826.245:ERROR:exception_snapshot_win.cc(98)] thread ID 11016 not found in process
[1014/160707.426:ERROR:directory_reader_win.cc(43)] FindFirstFile: The system cannot find the path specified. (0x3)
[1014/160746.073:ERROR:process_reader_win.cc(123)] NtOpenThread: {Access Denied} A process has requested access to an object, but has not been granted those access rights. (0xc0000022)
[1014/160746.075:ERROR:process_reader_win.cc(123)] NtOpenThread: {Access Denied} A process has requested access to an object, but has not been granted those access rights. (0xc0000022)
[1014/160746.130:ERROR:exception_snapshot_win.cc(99)] thread ID 1508 not found in process
[1014/160746.130:ERROR:exception_snapshot_win.cc(99)] thread ID 10192 not found in process
[1014/161158.963:ERROR:process_reader_win.cc(123)] NtOpenThread: {Access Denied} A process has requested access to an object, but has not been granted those access rights. (0xc0000022)
[1014/161158.982:ERROR:process_reader_win.cc(123)] NtOpenThread: {Access Denied} A process has requested access to an object, but has not been granted those access rights. (0xc0000022)
[1014/161158.991:ERROR:exception_snapshot_win.cc(99)] thread ID 10652 not found in process
[1014/161158.991:ERROR:exception_snapshot_win.cc(99)] thread ID 6076 not found in process
[1014/161631.351:ERROR:process_reader_win.cc(151)] SuspendThread: Access is denied. (0x5)
[1014/161631.351:ERROR:process_reader_win.cc(151)] SuspendThread: Access is denied. (0x5)
[1014/161631.352:ERROR:process_reader_win.cc(123)] NtOpenThread: {Access Denied} A process has requested access to an object, but has not been granted those access rights. (0xc0000022)
[1014/161631.352:ERROR:exception_snapshot_win.cc(99)] thread ID 10108 not found in process
[1014/161631.352:ERROR:process_reader_win.cc(123)] NtOpenThread: {Access Denied} A process has requested access to an object, but has not been granted those access rights. (0xc0000022)
[1014/161631.353:ERROR:exception_snapshot_win.cc(99)] thread ID 120 not found in process
[1014/161631.377:ERROR:process_reader_win.cc(151)] SuspendThread: Access is denied. (0x5)
[1014/161631.378:ERROR:process_reader_win.cc(151)] SuspendThread: Access is denied. (0x5)
[1014/161631.378:ERROR:process_reader_win.cc(151)] SuspendThread: Access is denied. (0x5)
[1014/161631.378:ERROR:process_reader_win.cc(123)] NtOpenThread: {Access Denied} A process has requested access to an object, but has not been granted those access rights. (0xc0000022)
[1014/161631.378:ERROR:exception_snapshot_win.cc(99)] thread ID 10020 not found in process
[1014/161631.381:ERROR:process_reader_win.cc(151)] SuspendThread: Access is denied. (0x5)
[1014/161631.381:ERROR:process_reader_win.cc(151)] SuspendThread: Access is denied. (0x5)
[1014/161631.381:ERROR:process_reader_win.cc(151)] SuspendThread: Access is denied. (0x5)
[1014/161631.381:ERROR:process_reader_win.cc(151)] SuspendThread: Access is denied. (0x5)
[1014/161631.381:ERROR:process_reader_win.cc(123)] NtOpenThread: {Access Denied} A process has requested access to an object, but has not been granted those access rights. (0xc0000022)
[1014/161631.381:ERROR:exception_snapshot_win.cc(99)] thread ID 2532 not found in process
[1014/161821.248:ERROR:process_reader_win.cc(151)] SuspendThread: Access is denied. (0x5)
[1014/161821.249:ERROR:process_reader_win.cc(123)] NtOpenThread: {Access Denied} A process has requested access to an object, but has not been granted those access rights. (0xc0000022)
[1014/161821.250:ERROR:exception_snapshot_win.cc(99)] thread ID 7344 not found in process
[1014/161821.248:ERROR:process_reader_win.cc(151)] SuspendThread: Access is denied. (0x5)
[1014/161821.255:ERROR:process_reader_win.cc(123)] NtOpenThread: {Access Denied} A process has requested access to an object, but has not been granted those access rights. (0xc0000022)
[1014/161821.256:ERROR:exception_snapshot_win.cc(99)] thread ID 4192 not found in process
[1014/161821.269:ERROR:process_reader_win.cc(151)] SuspendThread: Access is denied. (0x5)
[1014/161821.269:ERROR:process_reader_win.cc(151)] SuspendThread: Access is denied. (0x5)
[1014/161821.269:ERROR:process_reader_win.cc(151)] SuspendThread: Access is denied. (0x5)
[1014/161821.269:ERROR:process_reader_win.cc(151)] SuspendThread: Access is denied. (0x5)
[1014/161821.269:ERROR:process_reader_win.cc(123)] NtOpenThread: {Access Denied} A process has requested access to an object, but has not been granted those access rights. (0xc0000022)
[1014/161821.269:ERROR:exception_snapshot_win.cc(99)] thread ID 1452 not found in process
[1014/161821.271:ERROR:process_reader_win.cc(151)] SuspendThread: Access is denied. (0x5)
[1014/161821.272:ERROR:process_reader_win.cc(151)] SuspendThread: Access is denied. (0x5)
[1014/161821.272:ERROR:process_reader_win.cc(151)] SuspendThread: Access is denied. (0x5)
[1014/161821.272:ERROR:process_reader_win.cc(151)] SuspendThread: Access is denied. (0x5)
[1014/161821.272:ERROR:process_reader_win.cc(151)] SuspendThread: Access is denied. (0x5)
[1014/161821.272:ERROR:process_reader_win.cc(123)] NtOpenThread: {Access Denied} A process has requested access to an object, but has not been granted those access rights. (0xc0000022)
[1014/161821.272:ERROR:exception_snapshot_win.cc(99)] thread ID 9168 not found in process
[1014/162123.085:ERROR:process_reader_win.cc(123)] NtOpenThread: {Access Denied} A process has requested access to an object, but has not been granted those access rights. (0xc0000022)
[1014/162123.075:ERROR:process_reader_win.cc(123)] NtOpenThread: {Access Denied} A process has requested access to an object, but has not been granted those access rights. (0xc0000022)
[1014/162123.116:ERROR:exception_snapshot_win.cc(99)] thread ID 3712 not found in process
[1014/162123.116:ERROR:exception_snapshot_win.cc(99)] thread ID 8608 not found in process
[1014/203301.469:ERROR:process_reader_win.cc(151)] SuspendThread: Access is denied. (0x5)
[1014/203301.910:ERROR:process_reader_win.cc(123)] NtOpenThread: {Access Denied} A process has requested access to an object, but has not been granted those access rights. (0xc0000022)
[1014/203302.110:ERROR:exception_snapshot_win.cc(99)] thread ID 6756 not found in process
[1014/203302.217:ERROR:process_reader_win.cc(151)] SuspendThread: Access is denied. (0x5)
[1014/203302.218:ERROR:process_reader_win.cc(123)] NtOpenThread: {Access Denied} A process has requested access to an object, but has not been granted those access rights. (0xc0000022)
[1014/203302.219:ERROR:exception_snapshot_win.cc(99)] thread ID 11068 not found in process
[1014/203302.234:ERROR:process_reader_win.cc(123)] NtOpenThread: {Access Denied} A process has requested access to an object, but has not been granted those access rights. (0xc0000022)
[1014/203302.234:ERROR:exception_snapshot_win.cc(99)] thread ID 10316 not found in process
[1014/203302.258:ERROR:process_reader_win.cc(151)] SuspendThread: Access is denied. (0x5)
[1014/203302.258:ERROR:process_reader_win.cc(123)] NtOpenThread: {Access Denied} A process has requested access to an object, but has not been granted those access rights. (0xc0000022)
[1014/203302.258:ERROR:exception_snapshot_win.cc(99)] thread ID 9968 not found in process
[1014/203302.933:ERROR:process_reader_win.cc(123)] NtOpenThread: {Access Denied} A process has requested access to an object, but has not been granted those access rights. (0xc0000022)
[1014/203302.933:ERROR:exception_snapshot_win.cc(99)] thread ID 7648 not found in process
[1014/203303.776:ERROR:process_reader_win.cc(123)] NtOpenThread: {Access Denied} A process has requested access to an object, but has not been granted those access rights. (0xc0000022)
[1014/203303.777:ERROR:exception_snapshot_win.cc(99)] thread ID 9520 not found in process
[1014/210733.800:ERROR:process_reader_win.cc(151)] SuspendThread: Access is denied. (0x5)
[1014/210733.800:ERROR:process_reader_win.cc(151)] SuspendThread: Access is denied. (0x5)
[1014/210733.821:ERROR:process_reader_win.cc(151)] SuspendThread: Access is denied. (0x5)
[1014/210733.821:ERROR:process_reader_win.cc(151)] SuspendThread: Access is denied. (0x5)
[1014/210733.821:ERROR:process_reader_win.cc(151)] SuspendThread: Access is denied. (0x5)
[1014/210733.822:ERROR:process_reader_win.cc(151)] SuspendThread: Access is denied. (0x5)
[1014/210733.822:ERROR:process_reader_win.cc(151)] SuspendThread: Access is denied. (0x5)
[1014/210733.822:ERROR:process_reader_win.cc(151)] SuspendThread: Access is denied. (0x5)
[1014/210733.822:ERROR:process_reader_win.cc(151)] SuspendThread: Access is denied. (0x5)
[1014/210733.822:ERROR:process_reader_win.cc(151)] SuspendThread: Access is denied. (0x5)
[1014/210733.822:ERROR:process_reader_win.cc(151)] SuspendThread: Access is denied. (0x5)
[1014/210733.822:ERROR:process_reader_win.cc(151)] SuspendThread: Access is denied. (0x5)
[1014/210733.821:ERROR:process_reader_win.cc(123)] NtOpenThread: {Access Denied} A process has requested access to an object, but has not been granted those access rights. (0xc0000022)
[1014/210733.822:ERROR:process_reader_win.cc(123)] NtOpenThread: {Access Denied} A process has requested access to an object, but has not been granted those access rights. (0xc0000022)
[1014/210733.821:ERROR:process_reader_win.cc(123)] NtOpenThread: {Access Denied} A process has requested access to an object, but has not been granted those access rights. (0xc0000022)
[1014/210733.822:ERROR:process_reader_win.cc(123)] NtOpenThread: {Access Denied} A process has requested access to an object, but has not been granted those access rights. (0xc0000022)
[1014/210733.844:ERROR:exception_snapshot_win.cc(99)] thread ID 9328 not found in process
[1014/210733.844:ERROR:exception_snapshot_win.cc(99)] thread ID 2340 not found in process
[1014/210733.844:ERROR:exception_snapshot_win.cc(99)] thread ID 7792 not found in process
[1014/210733.844:ERROR:exception_snapshot_win.cc(99)] thread ID 5744 not found in process
[1014/212519.365:ERROR:process_reader_win.cc(123)] NtOpenThread: {Access Denied} A process has requested access to an object, but has not been granted those access rights. (0xc0000022)
[1014/212519.366:ERROR:process_reader_win.cc(123)] NtOpenThread: {Access Denied} A process has requested access to an object, but has not been granted those access rights. (0xc0000022)
[1014/212519.440:ERROR:exception_snapshot_win.cc(99)] thread ID 5948 not found in process
[1014/212519.440:ERROR:exception_snapshot_win.cc(99)] thread ID 7784 not found in process
[1014/212519.716:ERROR:process_reader_win.cc(123)] NtOpenThread: {Access Denied} A process has requested access to an object, but has not been granted those access rights. (0xc0000022)
[1014/212519.716:ERROR:exception_snapshot_win.cc(99)] thread ID 5576 not found in process
[1014/215625.711:ERROR:process_reader_win.cc(151)] SuspendThread: Access is denied. (0x5)
[1014/215625.727:ERROR:process_reader_win.cc(151)] SuspendThread: Access is denied. (0x5)
[1014/215625.713:ERROR:process_reader_win.cc(151)] SuspendThread: Access is denied. (0x5)
[1014/215625.722:ERROR:process_reader_win.cc(151)] SuspendThread: Access is denied. (0x5)
[1014/215625.807:ERROR:process_reader_win.cc(151)] SuspendThread: Access is denied. (0x5)
[1014/215625.807:ERROR:process_reader_win.cc(151)] SuspendThread: Access is denied. (0x5)
[1014/215625.722:ERROR:process_reader_win.cc(151)] SuspendThread: Access is denied. (0x5)
[1014/215625.725:ERROR:process_reader_win.cc(151)] SuspendThread: Access is denied. (0x5)
[1014/215625.807:ERROR:process_reader_win.cc(151)] SuspendThread: Access is denied. (0x5)
[1014/215625.807:ERROR:process_reader_win.cc(151)] SuspendThread: Access is denied. (0x5)
[1014/215625.807:ERROR:process_reader_win.cc(151)] SuspendThread: Access is denied. (0x5)
[1014/215625.807:ERROR:process_reader_win.cc(151)] SuspendThread: Access is denied. (0x5)
[1014/215625.715:ERROR:process_reader_win.cc(151)] SuspendThread: Access is denied. (0x5)
[1014/215625.807:ERROR:process_reader_win.cc(151)] SuspendThread: Access is denied. (0x5)
[1014/215625.807:ERROR:process_reader_win.cc(151)] SuspendThread: Access is denied. (0x5)
[1014/215625.807:ERROR:process_reader_win.cc(151)] SuspendThread: Access is denied. (0x5)
[1014/215625.807:ERROR:process_reader_win.cc(123)] NtOpenThread: {Access Denied} A process has requested access to an object, but has not been granted those access rights. (0xc0000022)
[1014/215625.718:ERROR:process_reader_win.cc(123)] NtOpenThread: {Access Denied} A process has requested access to an object, but has not been granted those access rights. (0xc0000022)
[1014/215625.807:ERROR:process_reader_win.cc(123)] NtOpenThread: {Access Denied} A process has requested access to an object, but has not been granted those access rights. (0xc0000022)
[1014/215625.807:ERROR:process_reader_win.cc(123)] NtOpenThread: {Access Denied} A process has requested access to an object, but has not been granted those access rights. (0xc0000022)
[1014/215625.823:ERROR:exception_snapshot_win.cc(99)] thread ID 7640 not found in process
[1014/215625.823:ERROR:exception_snapshot_win.cc(99)] thread ID 3872 not found in process
[1014/215625.823:ERROR:exception_snapshot_win.cc(99)] thread ID 12232 not found in process
[1014/215625.720:ERROR:process_reader_win.cc(123)] NtOpenThread: {Access Denied} A process has requested access to an object, but has not been granted those access rights. (0xc0000022)
[1014/215625.807:ERROR:process_reader_win.cc(123)] NtOpenThread: {Access Denied} A process has requested access to an object, but has not been granted those access rights. (0xc0000022)
[1014/215625.715:ERROR:process_reader_win.cc(123)] NtOpenThread: {Access Denied} A process has requested access to an object, but has not been granted those access rights. (0xc0000022)
[1014/215625.823:ERROR:exception_snapshot_win.cc(99)] thread ID 11788 not found in process
[1014/215625.823:ERROR:exception_snapshot_win.cc(99)] thread ID 5368 not found in process
[1014/215625.823:ERROR:exception_snapshot_win.cc(99)] thread ID 12248 not found in process
[1014/215625.807:ERROR:process_reader_win.cc(123)] NtOpenThread: {Access Denied} A process has requested access to an object, but has not been granted those access rights. (0xc0000022)
[1014/215625.718:ERROR:process_reader_win.cc(123)] NtOpenThread: {Access Denied} A process has requested access to an object, but has not been granted those access rights. (0xc0000022)
[1014/215625.824:ERROR:exception_snapshot_win.cc(99)] thread ID 10752 not found in process
[1014/215625.824:ERROR:exception_snapshot_win.cc(99)] thread ID 11172 not found in process
[1014/215625.823:ERROR:exception_snapshot_win.cc(99)] thread ID 3180 not found in process
[1014/215625.717:ERROR:process_reader_win.cc(123)] NtOpenThread: {Access Denied} A process has requested access to an object, but has not been granted those access rights. (0xc0000022)
[1014/215625.807:ERROR:process_reader_win.cc(123)] NtOpenThread: {Access Denied} A process has requested access to an object, but has not been granted those access rights. (0xc0000022)
[1014/215625.824:ERROR:exception_snapshot_win.cc(99)] thread ID 6160 not found in process
[1014/215625.824:ERROR:exception_snapshot_win.cc(99)] thread ID 8436 not found in process
[1014/215625.807:ERROR:process_reader_win.cc(123)] NtOpenThread: {Access Denied} A process has requested access to an object, but has not been granted those access rights. (0xc0000022)
[1014/215625.711:ERROR:process_reader_win.cc(123)] NtOpenThread: {Access Denied} A process has requested access to an object, but has not been granted those access rights. (0xc0000022)
[1014/215625.825:ERROR:exception_snapshot_win.cc(99)] thread ID 880 not found in process
[1014/215625.825:ERROR:exception_snapshot_win.cc(99)] thread ID 10668 not found in process
[1014/215920.012:ERROR:process_reader_win.cc(123)] NtOpenThread: {Access Denied} A process has requested access to an object, but has not been granted those access rights. (0xc0000022)
[1014/215920.013:ERROR:exception_snapshot_win.cc(99)] thread ID 7372 not found in process
[1014/215920.036:ERROR:process_reader_win.cc(123)] NtOpenThread: {Access Denied} A process has requested access to an object, but has not been granted those access rights. (0xc0000022)
[1014/215920.036:ERROR:exception_snapshot_win.cc(99)] thread ID 11844 not found in process
[1014/220559.394:ERROR:process_reader_win.cc(123)] NtOpenThread: {Access Denied} A process has requested access to an object, but has not been granted those access rights. (0xc0000022)
[1014/220559.392:ERROR:process_reader_win.cc(123)] NtOpenThread: {Access Denied} A process has requested access to an object, but has not been granted those access rights. (0xc0000022)
[1014/220559.392:ERROR:process_reader_win.cc(123)] NtOpenThread: {Access Denied} A process has requested access to an object, but has not been granted those access rights. (0xc0000022)
[1014/220559.394:ERROR:process_reader_win.cc(123)] NtOpenThread: {Access Denied} A process has requested access to an object, but has not been granted those access rights. (0xc0000022)
[1014/220559.393:ERROR:process_reader_win.cc(123)] NtOpenThread: {Access Denied} A process has requested access to an object, but has not been granted those access rights. (0xc0000022)
[1014/220559.392:ERROR:process_reader_win.cc(123)] NtOpenThread: {Access Denied} A process has requested access to an object, but has not been granted those access rights. (0xc0000022)
[1014/220559.542:ERROR:exception_snapshot_win.cc(99)] thread ID 11512 not found in process
[1014/220559.542:ERROR:exception_snapshot_win.cc(99)] thread ID 12196 not found in process
[1014/220559.542:ERROR:exception_snapshot_win.cc(99)] thread ID 884 not found in process
[1014/220559.542:ERROR:exception_snapshot_win.cc(99)] thread ID 7508 not found in process
[1014/220559.542:ERROR:exception_snapshot_win.cc(99)] thread ID 7976 not found in process
[1014/220559.543:ERROR:exception_snapshot_win.cc(99)] thread ID 288 not found in process
[1014/220942.703:ERROR:process_reader_win.cc(151)] SuspendThread: Access is denied. (0x5)
[1014/220942.705:ERROR:process_reader_win.cc(123)] NtOpenThread: {Access Denied} A process has requested access to an object, but has not been granted those access rights. (0xc0000022)
[1014/220942.702:ERROR:process_reader_win.cc(123)] NtOpenThread: {Access Denied} A process has requested access to an object, but has not been granted those access rights. (0xc0000022)
[1014/220942.717:ERROR:process_reader_win.cc(123)] NtOpenThread: {Access Denied} A process has requested access to an object, but has not been granted those access rights. (0xc0000022)
[1014/220942.704:ERROR:process_reader_win.cc(151)] SuspendThread: Access is denied. (0x5)
[1014/220942.726:ERROR:exception_snapshot_win.cc(99)] thread ID 2020 not found in process
[1014/220942.701:ERROR:process_reader_win.cc(123)] NtOpenThread: {Access Denied} A process has requested access to an object, but has not been granted those access rights. (0xc0000022)
[1014/220942.726:ERROR:exception_snapshot_win.cc(99)] thread ID 7780 not found in process
[1014/220942.726:ERROR:exception_snapshot_win.cc(99)] thread ID 7236 not found in process
[1014/220942.697:ERROR:process_reader_win.cc(123)] NtOpenThread: {Access Denied} A process has requested access to an object, but has not been granted those access rights. (0xc0000022)
[1014/220942.726:ERROR:exception_snapshot_win.cc(99)] thread ID 3584 not found in process
[1014/220942.728:ERROR:process_reader_win.cc(151)] SuspendThread: Access is denied. (0x5)
[1014/220942.728:ERROR:process_reader_win.cc(123)] NtOpenThread: {Access Denied} A process has requested access to an object, but has not been granted those access rights. (0xc0000022)
[1014/220942.728:ERROR:exception_snapshot_win.cc(99)] thread ID 8880 not found in process
[1014/220942.731:ERROR:process_reader_win.cc(123)] NtOpenThread: {Access Denied} A process has requested access to an object, but has not been granted those access rights. (0xc0000022)
[1014/220942.732:ERROR:exception_snapshot_win.cc(99)] thread ID 11212 not found in process
[1014/220942.733:ERROR:process_reader_win.cc(151)] SuspendThread: Access is denied. (0x5)
[1014/220942.734:ERROR:process_reader_win.cc(151)] SuspendThread: Access is denied. (0x5)
[1014/220942.734:ERROR:process_reader_win.cc(151)] SuspendThread: Access is denied. (0x5)
[1014/220942.734:ERROR:process_reader_win.cc(151)] SuspendThread: Access is denied. (0x5)
[1014/220942.734:ERROR:process_reader_win.cc(151)] SuspendThread: Access is denied. (0x5)
[1014/220942.734:ERROR:process_reader_win.cc(151)] SuspendThread: Access is denied. (0x5)
[1014/220942.734:ERROR:process_reader_win.cc(151)] SuspendThread: Access is denied. (0x5)
[1014/220942.734:ERROR:process_reader_win.cc(123)] NtOpenThread: {Access Denied} A process has requested access to an object, but has not been granted those access rights. (0xc0000022)
[1014/220942.734:ERROR:exception_snapshot_win.cc(99)] thread ID 9016 not found in process
[1014/220942.733:ERROR:process_reader_win.cc(123)] NtOpenThread: {Access Denied} A process has requested access to an object, but has not been granted those access rights. (0xc0000022)
[1014/220942.734:ERROR:exception_snapshot_win.cc(99)] thread ID 11368 not found in process
[1014/220942.697:ERROR:process_reader_win.cc(123)] NtOpenThread: {Access Denied} A process has requested access to an object, but has not been granted those access rights. (0xc0000022)
[1014/220942.735:ERROR:exception_snapshot_win.cc(99)] thread ID 7292 not found in process
[1014/220942.704:ERROR:process_reader_win.cc(123)] NtOpenThread: {Access Denied} A process has requested access to an object, but has not been granted those access rights. (0xc0000022)
[1014/220942.735:ERROR:exception_snapshot_win.cc(99)] thread ID 11444 not found in process
[1014/220942.735:ERROR:process_reader_win.cc(151)] SuspendThread: Access is denied. (0x5)
[1014/220942.735:ERROR:exception_snapshot_win.cc(99)] thread ID 9732 not found in process
[1014/220942.735:ERROR:process_reader_win.cc(151)] SuspendThread: Access is denied. (0x5)
[1014/220942.735:ERROR:process_reader_win.cc(151)] SuspendThread: Access is denied. (0x5)
[1014/220942.735:ERROR:process_reader_win.cc(151)] SuspendThread: Access is denied. (0x5)
[1014/220942.735:ERROR:process_reader_win.cc(123)] NtOpenThread: {Access Denied} A process has requested access to an object, but has not been granted those access rights. (0xc0000022)
[1014/220942.735:ERROR:exception_snapshot_win.cc(99)] thread ID 11500 not found in process
[1014/220942.736:ERROR:process_reader_win.cc(151)] SuspendThread: Access is denied. (0x5)
[1014/220942.736:ERROR:process_reader_win.cc(151)] SuspendThread: Access is denied. (0x5)
[1014/220942.736:ERROR:process_reader_win.cc(151)] SuspendThread: Access is denied. (0x5)
[1014/220942.736:ERROR:process_reader_win.cc(151)] SuspendThread: Access is denied. (0x5)
[1014/220942.736:ERROR:process_reader_win.cc(123)] NtOpenThread: {Access Denied} A process has requested access to an object, but has not been granted those access rights. (0xc0000022)
[1014/220942.736:ERROR:process_reader_win.cc(123)] NtOpenThread: {Access Denied} A process has requested access to an object, but has not been granted those access rights. (0xc0000022)
[1014/220942.736:ERROR:exception_snapshot_win.cc(99)] thread ID 8572 not found in process
[1014/220942.736:ERROR:exception_snapshot_win.cc(99)] thread ID 10680 not found in process
[1014/220942.717:ERROR:process_reader_win.cc(123)] NtOpenThread: {Access Denied} A process has requested access to an object, but has not been granted those access rights. (0xc0000022)
[1014/220942.736:ERROR:exception_snapshot_win.cc(99)] thread ID 7400 not found in process
[1014/220942.709:ERROR:process_reader_win.cc(123)] NtOpenThread: {Access Denied} A process has requested access to an object, but has not been granted those access rights. (0xc0000022)
[1014/220942.736:ERROR:exception_snapshot_win.cc(99)] thread ID 3440 not found in process
[1014/220942.757:ERROR:process_reader_win.cc(123)] NtOpenThread: {Access Denied} A process has requested access to an object, but has not been granted those access rights. (0xc0000022)
[1014/220942.757:ERROR:exception_snapshot_win.cc(99)] thread ID 11164 not found in process
[1014/221437.826:ERROR:process_reader_win.cc(123)] NtOpenThread: {Access Denied} A process has requested access to an object, but has not been granted those access rights. (0xc0000022)
[1014/221437.820:ERROR:process_reader_win.cc(123)] NtOpenThread: {Access Denied} A process has requested access to an object, but has not been granted those access rights. (0xc0000022)
[1014/221437.816:ERROR:process_reader_win.cc(123)] NtOpenThread: {Access Denied} A process has requested access to an object, but has not been granted those access rights. (0xc0000022)
[1014/221437.823:ERROR:process_reader_win.cc(123)] NtOpenThread: {Access Denied} A process has requested access to an object, but has not been granted those access rights. (0xc0000022)
[1014/221437.820:ERROR:process_reader_win.cc(123)] NtOpenThread: {Access Denied} A process has requested access to an object, but has not been granted those access rights. (0xc0000022)
[1014/221437.823:ERROR:process_reader_win.cc(123)] NtOpenThread: {Access Denied} A process has requested access to an object, but has not been granted those access rights. (0xc0000022)
[1014/221437.816:ERROR:process_reader_win.cc(123)] NtOpenThread: {Access Denied} A process has requested access to an object, but has not been granted those access rights. (0xc0000022)
[1014/221437.816:ERROR:process_reader_win.cc(123)] NtOpenThread: {Access Denied} A process has requested access to an object, but has not been granted those access rights. (0xc0000022)
[1014/221437.820:ERROR:process_reader_win.cc(123)] NtOpenThread: {Access Denied} A process has requested access to an object, but has not been granted those access rights. (0xc0000022)
[1014/221437.816:ERROR:process_reader_win.cc(123)] NtOpenThread: {Access Denied} A process has requested access to an object, but has not been granted those access rights. (0xc0000022)
[1014/221438.013:ERROR:exception_snapshot_win.cc(99)] thread ID 4776 not found in process
[1014/221438.013:ERROR:exception_snapshot_win.cc(99)] thread ID 6756 not found in process
[1014/221438.013:ERROR:exception_snapshot_win.cc(99)] thread ID 3584 not found in process
[1014/221438.013:ERROR:exception_snapshot_win.cc(99)] thread ID 11660 not found in process
[1014/221438.013:ERROR:exception_snapshot_win.cc(99)] thread ID 4248 not found in process
[1014/221438.013:ERROR:exception_snapshot_win.cc(99)] thread ID 10544 not found in process
[1014/221438.013:ERROR:exception_snapshot_win.cc(99)] thread ID 360 not found in process
[1014/221438.013:ERROR:exception_snapshot_win.cc(99)] thread ID 4852 not found in process
[1014/221438.014:ERROR:exception_snapshot_win.cc(99)] thread ID 3400 not found in process
[1014/221438.014:ERROR:exception_snapshot_win.cc(99)] thread ID 11168 not found in process
[1014/221451.099:ERROR:process_reader_win.cc(123)] NtOpenThread: {Access Denied} A process has requested access to an object, but has not been granted those access rights. (0xc0000022)
[1014/221451.100:ERROR:exception_snapshot_win.cc(99)] thread ID 11416 not found in process
[1014/221451.125:ERROR:process_reader_win.cc(151)] SuspendThread: Access is denied. (0x5)
[1014/221451.125:ERROR:process_reader_win.cc(123)] NtOpenThread: {Access Denied} A process has requested access to an object, but has not been granted those access rights. (0xc0000022)
[1014/221451.125:ERROR:exception_snapshot_win.cc(99)] thread ID 11644 not found in process
[1014/221758.193:ERROR:process_reader_win.cc(123)] NtOpenThread: {Access Denied} A process has requested access to an object, but has not been granted those access rights. (0xc0000022)
[1014/221758.194:ERROR:process_reader_win.cc(123)] NtOpenThread: {Access Denied} A process has requested access to an object, but has not been granted those access rights. (0xc0000022)
[1014/221758.188:ERROR:process_reader_win.cc(123)] NtOpenThread: {Access Denied} A process has requested access to an object, but has not been granted those access rights. (0xc0000022)
[1014/221758.196:ERROR:process_reader_win.cc(123)] NtOpenThread: {Access Denied} A process has requested access to an object, but has not been granted those access rights. (0xc0000022)
[1014/221758.191:ERROR:process_reader_win.cc(123)] NtOpenThread: {Access Denied} A process has requested access to an object, but has not been granted those access rights. (0xc0000022)
[1014/221758.192:ERROR:process_reader_win.cc(123)] NtOpenThread: {Access Denied} A process has requested access to an object, but has not been granted those access rights. (0xc0000022)
[1014/221758.194:ERROR:process_reader_win.cc(123)] NtOpenThread: {Access Denied} A process has requested access to an object, but has not been granted those access rights. (0xc0000022)
[1014/221758.189:ERROR:process_reader_win.cc(123)] NtOpenThread: {Access Denied} A process has requested access to an object, but has not been granted those access rights. (0xc0000022)
[1014/221758.262:ERROR:exception_snapshot_win.cc(99)] thread ID 6108 not found in process
[1014/221758.262:ERROR:exception_snapshot_win.cc(99)] thread ID 9696 not found in process
[1014/221758.262:ERROR:exception_snapshot_win.cc(99)] thread ID 10264 not found in process
[1014/221758.263:ERROR:exception_snapshot_win.cc(99)] thread ID 6708 not found in process
[1014/221758.263:ERROR:exception_snapshot_win.cc(99)] thread ID 10680 not found in process
[1014/221758.263:ERROR:exception_snapshot_win.cc(99)] thread ID 644 not found in process
[1014/221758.263:ERROR:exception_snapshot_win.cc(99)] thread ID 7060 not found in process
[1014/221758.262:ERROR:exception_snapshot_win.cc(99)] thread ID 12076 not found in process
[1014/222657.553:ERROR:process_reader_win.cc(123)] NtOpenThread: {Access Denied} A process has requested access to an object, but has not been granted those access rights. (0xc0000022)
[1014/222657.554:ERROR:process_reader_win.cc(123)] NtOpenThread: {Access Denied} A process has requested access to an object, but has not been granted those access rights. (0xc0000022)
[1014/222657.595:ERROR:process_reader_win.cc(123)] NtOpenThread: {Access Denied} A process has requested access to an object, but has not been granted those access rights. (0xc0000022)
[1014/222657.595:ERROR:process_reader_win.cc(123)] NtOpenThread: {Access Denied} A process has requested access to an object, but has not been granted those access rights. (0xc0000022)
[1014/222657.553:ERROR:process_reader_win.cc(123)] NtOpenThread: {Access Denied} A process has requested access to an object, but has not been granted those access rights. (0xc0000022)
[1014/222657.664:ERROR:exception_snapshot_win.cc(99)] thread ID 11244 not found in process
[1014/222657.595:ERROR:process_reader_win.cc(123)] NtOpenThread: {Access Denied} A process has requested access to an object, but has not been granted those access rights. (0xc0000022)
[1014/222657.664:ERROR:exception_snapshot_win.cc(99)] thread ID 1084 not found in process
[1014/222657.595:ERROR:process_reader_win.cc(123)] NtOpenThread: {Access Denied} A process has requested access to an object, but has not been granted those access rights. (0xc0000022)
[1014/222657.664:ERROR:exception_snapshot_win.cc(99)] thread ID 5096 not found in process
[1014/222657.664:ERROR:exception_snapshot_win.cc(99)] thread ID 6876 not found in process
[1014/222657.664:ERROR:exception_snapshot_win.cc(99)] thread ID 6680 not found in process
[1014/222657.553:ERROR:process_reader_win.cc(123)] NtOpenThread: {Access Denied} A process has requested access to an object, but has not been granted those access rights. (0xc0000022)
[1014/222657.665:ERROR:exception_snapshot_win.cc(99)] thread ID 6344 not found in process
[1014/222657.665:ERROR:exception_snapshot_win.cc(99)] thread ID 12108 not found in process
[1014/222657.664:ERROR:exception_snapshot_win.cc(99)] thread ID 2080 not found in process
[1014/223638.661:ERROR:process_reader_win.cc(151)] SuspendThread: Access is denied. (0x5)
[1014/223638.662:ERROR:process_reader_win.cc(151)] SuspendThread: Access is denied. (0x5)
[1014/223638.934:ERROR:process_reader_win.cc(123)] NtOpenThread: An invalid Client ID was specified. (0xc000000b)
[1014/223638.934:ERROR:process_reader_win.cc(123)] NtOpenThread: An invalid Client ID was specified. (0xc000000b)
[1014/223638.934:ERROR:exception_snapshot_win.cc(99)] thread ID 1744 not found in process
[1014/223638.934:ERROR:exception_snapshot_win.cc(99)] thread ID 11576 not found in process
[1014/223638.934:ERROR:scoped_process_suspend.cc(40)] NtResumeProcess: An attempt was made to access an exiting process. (0xc000010a)
[1014/223638.934:ERROR:scoped_process_suspend.cc(40)] NtResumeProcess: An attempt was made to access an exiting process. (0xc000010a)
[1014/225438.802:ERROR:process_reader_win.cc(123)] NtOpenThread: {Access Denied} A process has requested access to an object, but has not been granted those access rights. (0xc0000022)
[1014/225438.804:ERROR:process_reader_win.cc(123)] NtOpenThread: {Access Denied} A process has requested access to an object, but has not been granted those access rights. (0xc0000022)
[1014/225438.849:ERROR:exception_snapshot_win.cc(99)] thread ID 8660 not found in process
[1014/225438.849:ERROR:exception_snapshot_win.cc(99)] thread ID 6716 not found in process
[1014/225438.945:ERROR:process_reader_win.cc(123)] NtOpenThread: {Access Denied} A process has requested access to an object, but has not been granted those access rights. (0xc0000022)
[1014/225438.945:ERROR:process_reader_win.cc(123)] NtOpenThread: {Access Denied} A process has requested access to an object, but has not been granted those access rights. (0xc0000022)
[1014/225438.945:ERROR:exception_snapshot_win.cc(99)] thread ID 8504 not found in process
[1014/225438.945:ERROR:exception_snapshot_win.cc(99)] thread ID 2824 not found in process
[1015/074638.974:ERROR:process_reader_win.cc(123)] NtOpenThread: {Access Denied} A process has requested access to an object, but has not been granted those access rights. (0xc0000022)
[1015/074638.999:ERROR:process_reader_win.cc(123)] NtOpenThread: {Access Denied} A process has requested access to an object, but has not been granted those access rights. (0xc0000022)
[1015/074639.015:ERROR:exception_snapshot_win.cc(99)] thread ID 6476 not found in process
[1015/074639.015:ERROR:exception_snapshot_win.cc(99)] thread ID 2264 not found in process
[1015/075634.394:ERROR:process_reader_win.cc(151)] SuspendThread: Access is denied. (0x5)
[1015/075634.395:ERROR:process_reader_win.cc(123)] NtOpenThread: {Access Denied} A process has requested access to an object, but has not been granted those access rights. (0xc0000022)
[1015/075634.395:ERROR:exception_snapshot_win.cc(99)] thread ID 11300 not found in process
[1015/075634.416:ERROR:process_reader_win.cc(123)] NtOpenThread: {Access Denied} A process has requested access to an object, but has not been granted those access rights. (0xc0000022)
[1015/075634.416:ERROR:exception_snapshot_win.cc(99)] thread ID 8812 not found in process
[1015/075840.593:ERROR:process_reader_win.cc(151)] SuspendThread: Access is denied. (0x5)
[1015/075840.593:ERROR:process_reader_win.cc(151)] SuspendThread: Access is denied. (0x5)
[1015/075840.594:ERROR:process_reader_win.cc(123)] NtOpenThread: {Access Denied} A process has requested access to an object, but has not been granted those access rights. (0xc0000022)
[1015/075840.595:ERROR:exception_snapshot_win.cc(99)] thread ID 7076 not found in process
[1015/075840.594:ERROR:process_reader_win.cc(123)] NtOpenThread: {Access Denied} A process has requested access to an object, but has not been granted those access rights. (0xc0000022)
[1015/075840.595:ERROR:exception_snapshot_win.cc(99)] thread ID 2836 not found in process
[1015/075840.619:ERROR:process_reader_win.cc(151)] SuspendThread: Access is denied. (0x5)
[1015/075840.620:ERROR:process_reader_win.cc(151)] SuspendThread: Access is denied. (0x5)
[1015/075840.620:ERROR:process_reader_win.cc(151)] SuspendThread: Access is denied. (0x5)
[1015/075840.620:ERROR:process_reader_win.cc(123)] NtOpenThread: {Access Denied} A process has requested access to an object, but has not been granted those access rights. (0xc0000022)
[1015/075840.620:ERROR:exception_snapshot_win.cc(99)] thread ID 6800 not found in process
[1015/075840.620:ERROR:process_reader_win.cc(151)] SuspendThread: Access is denied. (0x5)
[1015/075840.620:ERROR:process_reader_win.cc(151)] SuspendThread: Access is denied. (0x5)
[1015/075840.620:ERROR:process_reader_win.cc(151)] SuspendThread: Access is denied. (0x5)
[1015/075840.620:ERROR:process_reader_win.cc(151)] SuspendThread: Access is denied. (0x5)
[1015/075840.620:ERROR:process_reader_win.cc(123)] NtOpenThread: {Access Denied} A process has requested access to an object, but has not been granted those access rights. (0xc0000022)
[1015/075840.620:ERROR:exception_snapshot_win.cc(99)] thread ID 5004 not found in process
[1015/081104.939:ERROR:process_reader_win.cc(123)] NtOpenThread: {Access Denied} A process has requested access to an object, but has not been granted those access rights. (0xc0000022)
[1015/081104.940:ERROR:exception_snapshot_win.cc(99)] thread ID 2984 not found in process
[1015/081104.960:ERROR:process_reader_win.cc(151)] SuspendThread: Access is denied. (0x5)
[1015/081104.960:ERROR:process_reader_win.cc(151)] SuspendThread: Access is denied. (0x5)
[1015/081104.960:ERROR:process_reader_win.cc(151)] SuspendThread: Access is denied. (0x5)
[1015/081104.960:ERROR:process_reader_win.cc(123)] NtOpenThread: {Access Denied} A process has requested access to an object, but has not been granted those access rights. (0xc0000022)
[1015/081104.960:ERROR:exception_snapshot_win.cc(99)] thread ID 10472 not found in process
[1015/081158.912:ERROR:process_reader_win.cc(151)] SuspendThread: Access is denied. (0x5)
[1015/081158.914:ERROR:process_reader_win.cc(123)] NtOpenThread: {Access Denied} A process has requested access to an object, but has not been granted those access rights. (0xc0000022)
[1015/081158.914:ERROR:exception_snapshot_win.cc(99)] thread ID 10512 not found in process
[1015/081158.934:ERROR:process_reader_win.cc(123)] NtOpenThread: {Access Denied} A process has requested access to an object, but has not been granted those access rights. (0xc0000022)
[1015/081158.935:ERROR:exception_snapshot_win.cc(99)] thread ID 11288 not found in process
[1015/081732.100:ERROR:process_reader_win.cc(123)] NtOpenThread: {Access Denied} A process has requested access to an object, but has not been granted those access rights. (0xc0000022)
[1015/081732.101:ERROR:exception_snapshot_win.cc(99)] thread ID 10740 not found in process
[1015/081732.120:ERROR:process_reader_win.cc(151)] SuspendThread: Access is denied. (0x5)
[1015/081732.121:ERROR:process_reader_win.cc(123)] NtOpenThread: {Access Denied} A process has requested access to an object, but has not been granted those access rights. (0xc0000022)
[1015/081732.121:ERROR:exception_snapshot_win.cc(99)] thread ID 1128 not found in process
[1015/114132.813:ERROR:process_reader_win.cc(123)] NtOpenThread: {Access Denied} A process has requested access to an object, but has not been granted those access rights. (0xc0000022)
[1015/114132.868:ERROR:process_reader_win.cc(123)] NtOpenThread: {Access Denied} A process has requested access to an object, but has not been granted those access rights. (0xc0000022)
[1015/114132.889:ERROR:exception_snapshot_win.cc(99)] thread ID 9340 not found in process
[1015/114132.889:ERROR:exception_snapshot_win.cc(99)] thread ID 4588 not found in process
[1015/153413.327:ERROR:process_reader_win.cc(123)] NtOpenThread: {Access Denied} A process has requested access to an object, but has not been granted those access rights. (0xc0000022)
[1015/153413.333:ERROR:process_reader_win.cc(123)] NtOpenThread: {Access Denied} A process has requested access to an object, but has not been granted those access rights. (0xc0000022)
[1015/153413.392:ERROR:exception_snapshot_win.cc(99)] thread ID 10032 not found in process
[1015/153413.392:ERROR:exception_snapshot_win.cc(99)] thread ID 5820 not found in process
[1015/163333.768:ERROR:process_reader_win.cc(123)] NtOpenThread: {Access Denied} A process has requested access to an object, but has not been granted those access rights. (0xc0000022)
[1015/163333.753:ERROR:process_reader_win.cc(123)] NtOpenThread: {Access Denied} A process has requested access to an object, but has not been granted those access rights. (0xc0000022)
[1015/163333.815:ERROR:exception_snapshot_win.cc(99)] thread ID 11136 not found in process
[1015/163333.815:ERROR:exception_snapshot_win.cc(99)] thread ID 11140 not found in process
[1015/163517.512:ERROR:process_reader_win.cc(123)] NtOpenThread: {Access Denied} A process has requested access to an object, but has not been granted those access rights. (0xc0000022)
[1015/163517.513:ERROR:exception_snapshot_win.cc(99)] thread ID 9972 not found in process
[1015/163517.530:ERROR:process_reader_win.cc(151)] SuspendThread: Access is denied. (0x5)
[1015/163517.531:ERROR:process_reader_win.cc(123)] NtOpenThread: {Access Denied} A process has requested access to an object, but has not been granted those access rights. (0xc0000022)
[1015/163517.531:ERROR:exception_snapshot_win.cc(99)] thread ID 11236 not found in process
[1015/164322.373:ERROR:process_reader_win.cc(123)] NtOpenThread: {Access Denied} A process has requested access to an object, but has not been granted those access rights. (0xc0000022)
[1015/164322.374:ERROR:exception_snapshot_win.cc(99)] thread ID 1740 not found in process
[1015/164322.395:ERROR:process_reader_win.cc(123)] NtOpenThread: {Access Denied} A process has requested access to an object, but has not been granted those access rights. (0xc0000022)
[1015/164322.395:ERROR:exception_snapshot_win.cc(99)] thread ID 10688 not found in process
[1015/170948.834:ERROR:directory_reader_win.cc(43)] FindFirstFile: The system cannot find the path specified. (0x3)
[1015/171856.665:ERROR:process_reader_win.cc(123)] NtOpenThread: {Access Denied} A process has requested access to an object, but has not been granted those access rights. (0xc0000022)
[1015/171856.880:ERROR:exception_snapshot_win.cc(99)] thread ID 1408 not found in process
[1015/171856.897:ERROR:process_reader_win.cc(123)] NtOpenThread: {Access Denied} A process has requested access to an object, but has not been granted those access rights. (0xc0000022)
[1015/171856.897:ERROR:exception_snapshot_win.cc(99)] thread ID 13156 not found in process
[1015/181227.467:ERROR:process_reader_win.cc(123)] NtOpenThread: {Access Denied} A process has requested access to an object, but has not been granted those access rights. (0xc0000022)
[1015/181227.486:ERROR:process_reader_win.cc(123)] NtOpenThread: {Access Denied} A process has requested access to an object, but has not been granted those access rights. (0xc0000022)
[1015/181227.603:ERROR:exception_snapshot_win.cc(99)] thread ID 12256 not found in process
[1015/181227.603:ERROR:exception_snapshot_win.cc(99)] thread ID 5724 not found in process
[1015/182257.750:ERROR:process_reader_win.cc(151)] SuspendThread: Access is denied. (0x5)
[1015/182257.750:ERROR:process_reader_win.cc(151)] SuspendThread: Access is denied. (0x5)
[1015/182257.751:ERROR:process_reader_win.cc(151)] SuspendThread: Access is denied. (0x5)
[1015/182257.751:ERROR:process_reader_win.cc(123)] NtOpenThread: {Access Denied} A process has requested access to an object, but has not been granted those access rights. (0xc0000022)
[1015/182257.751:ERROR:process_reader_win.cc(123)] NtOpenThread: {Access Denied} A process has requested access to an object, but has not been granted those access rights. (0xc0000022)
[1015/182257.751:ERROR:exception_snapshot_win.cc(99)] thread ID 11660 not found in process
[1015/182257.751:ERROR:exception_snapshot_win.cc(99)] thread ID 2352 not found in process
[1015/182257.766:ERROR:process_reader_win.cc(123)] NtOpenThread: {Access Denied} A process has requested access to an object, but has not been granted those access rights. (0xc0000022)
[1015/182257.766:ERROR:exception_snapshot_win.cc(99)] thread ID 9792 not found in process
[1016/080707.720:ERROR:process_reader_win.cc(123)] NtOpenThread: {Access Denied} A process has requested access to an object, but has not been granted those access rights. (0xc0000022)
[1016/080707.728:ERROR:process_reader_win.cc(123)] NtOpenThread: {Access Denied} A process has requested access to an object, but has not been granted those access rights. (0xc0000022)
[1016/080707.871:ERROR:exception_snapshot_win.cc(99)] thread ID 12060 not found in process
[1016/080707.871:ERROR:exception_snapshot_win.cc(99)] thread ID 1840 not found in process
[1016/081056.259:ERROR:process_reader_win.cc(123)] NtOpenThread: {Access Denied} A process has requested access to an object, but has not been granted those access rights. (0xc0000022)
[1016/081056.260:ERROR:exception_snapshot_win.cc(99)] thread ID 8684 not found in process
[1016/081056.279:ERROR:process_reader_win.cc(123)] NtOpenThread: {Access Denied} A process has requested access to an object, but has not been granted those access rights. (0xc0000022)
[1016/081056.279:ERROR:exception_snapshot_win.cc(99)] thread ID 8036 not found in process
[1016/081613.108:ERROR:process_reader_win.cc(123)] NtOpenThread: {Access Denied} A process has requested access to an object, but has not been granted those access rights. (0xc0000022)
[1016/081613.128:ERROR:process_reader_win.cc(123)] NtOpenThread: {Access Denied} A process has requested access to an object, but has not been granted those access rights. (0xc0000022)
[1016/081613.139:ERROR:exception_snapshot_win.cc(99)] thread ID 6296 not found in process
[1016/081613.140:ERROR:exception_snapshot_win.cc(99)] thread ID 12188 not found in process
[1016/082020.569:ERROR:process_reader_win.cc(123)] NtOpenThread: {Access Denied} A process has requested access to an object, but has not been granted those access rights. (0xc0000022)
[1016/082020.602:ERROR:exception_snapshot_win.cc(99)] thread ID 11936 not found in process
[1016/082020.931:ERROR:process_reader_win.cc(123)] NtOpenThread: {Access Denied} A process has requested access to an object, but has not been granted those access rights. (0xc0000022)
[1016/082020.931:ERROR:exception_snapshot_win.cc(99)] thread ID 3564 not found in process
[1016/082255.287:ERROR:process_reader_win.cc(123)] NtOpenThread: {Access Denied} A process has requested access to an object, but has not been granted those access rights. (0xc0000022)
[1016/082255.288:ERROR:exception_snapshot_win.cc(99)] thread ID 10748 not found in process
[1016/082255.305:ERROR:process_reader_win.cc(151)] SuspendThread: Access is denied. (0x5)
[1016/082255.305:ERROR:process_reader_win.cc(151)] SuspendThread: Access is denied. (0x5)
[1016/082255.305:ERROR:process_reader_win.cc(151)] SuspendThread: Access is denied. (0x5)
[1016/082255.306:ERROR:process_reader_win.cc(123)] NtOpenThread: {Access Denied} A process has requested access to an object, but has not been granted those access rights. (0xc0000022)
[1016/082255.306:ERROR:exception_snapshot_win.cc(99)] thread ID 1564 not found in process
[1016/082757.794:ERROR:process_reader_win.cc(151)] SuspendThread: Access is denied. (0x5)
[1016/082757.810:ERROR:process_reader_win.cc(151)] SuspendThread: Access is denied. (0x5)
[1016/082757.845:ERROR:process_reader_win.cc(151)] SuspendThread: Access is denied. (0x5)
[1016/082757.845:ERROR:process_reader_win.cc(151)] SuspendThread: Access is denied. (0x5)
[1016/082757.845:ERROR:process_reader_win.cc(151)] SuspendThread: Access is denied. (0x5)
[1016/082757.846:ERROR:process_reader_win.cc(151)] SuspendThread: Access is denied. (0x5)
[1016/082757.846:ERROR:process_reader_win.cc(151)] SuspendThread: Access is denied. (0x5)
[1016/082757.845:ERROR:process_reader_win.cc(123)] NtOpenThread: {Access Denied} A process has requested access to an object, but has not been granted those access rights. (0xc0000022)
[1016/082757.846:ERROR:process_reader_win.cc(123)] NtOpenThread: {Access Denied} A process has requested access to an object, but has not been granted those access rights. (0xc0000022)
[1016/082757.872:ERROR:exception_snapshot_win.cc(99)] thread ID 6152 not found in process
[1016/082757.872:ERROR:exception_snapshot_win.cc(99)] thread ID 11080 not found in process
[1016/083034.275:ERROR:process_reader_win.cc(123)] NtOpenThread: {Access Denied} A process has requested access to an object, but has not been granted those access rights. (0xc0000022)
[1016/083034.256:ERROR:process_reader_win.cc(123)] NtOpenThread: {Access Denied} A process has requested access to an object, but has not been granted those access rights. (0xc0000022)
[1016/083034.294:ERROR:exception_snapshot_win.cc(99)] thread ID 7952 not found in process
[1016/083034.294:ERROR:exception_snapshot_win.cc(99)] thread ID 9076 not found in process
[1016/084123.743:ERROR:process_reader_win.cc(151)] SuspendThread: Access is denied. (0x5)
[1016/084123.728:ERROR:process_reader_win.cc(123)] NtOpenThread: {Access Denied} A process has requested access to an object, but has not been granted those access rights. (0xc0000022)
[1016/084123.776:ERROR:exception_snapshot_win.cc(99)] thread ID 212 not found in process
[1016/084123.776:ERROR:process_reader_win.cc(151)] SuspendThread: Access is denied. (0x5)
[1016/084123.776:ERROR:process_reader_win.cc(123)] NtOpenThread: {Access Denied} A process has requested access to an object, but has not been granted those access rights. (0xc0000022)
[1016/084123.776:ERROR:exception_snapshot_win.cc(99)] thread ID 4308 not found in process
[1016/084744.897:ERROR:process_reader_win.cc(123)] NtOpenThread: {Access Denied} A process has requested access to an object, but has not been granted those access rights. (0xc0000022)
[1016/084744.884:ERROR:process_reader_win.cc(123)] NtOpenThread: {Access Denied} A process has requested access to an object, but has not been granted those access rights. (0xc0000022)
[1016/084744.918:ERROR:exception_snapshot_win.cc(99)] thread ID 11756 not found in process
[1016/084744.918:ERROR:exception_snapshot_win.cc(99)] thread ID 10548 not found in process
[1016/085201.311:ERROR:process_reader_win.cc(123)] NtOpenThread: {Access Denied} A process has requested access to an object, but has not been granted those access rights. (0xc0000022)
[1016/085201.307:ERROR:process_reader_win.cc(123)] NtOpenThread: {Access Denied} A process has requested access to an object, but has not been granted those access rights. (0xc0000022)
[1016/085201.336:ERROR:exception_snapshot_win.cc(99)] thread ID 11616 not found in process
[1016/085201.336:ERROR:exception_snapshot_win.cc(99)] thread ID 2148 not found in process
[1016/085400.040:ERROR:process_reader_win.cc(123)] NtOpenThread: {Access Denied} A process has requested access to an object, but has not been granted those access rights. (0xc0000022)
[1016/085400.116:ERROR:exception_snapshot_win.cc(99)] thread ID 3216 not found in process
[1016/085400.225:ERROR:process_reader_win.cc(123)] NtOpenThread: {Access Denied} A process has requested access to an object, but has not been granted those access rights. (0xc0000022)
[1016/085400.225:ERROR:exception_snapshot_win.cc(99)] thread ID 10956 not found in process
[1016/085639.245:ERROR:process_reader_win.cc(123)] NtOpenThread: {Access Denied} A process has requested access to an object, but has not been granted those access rights. (0xc0000022)
[1016/085639.240:ERROR:process_reader_win.cc(123)] NtOpenThread: {Access Denied} A process has requested access to an object, but has not been granted those access rights. (0xc0000022)
[1016/085639.309:ERROR:exception_snapshot_win.cc(99)] thread ID 9548 not found in process
[1016/085639.309:ERROR:exception_snapshot_win.cc(99)] thread ID 7088 not found in process
[1016/085816.310:ERROR:process_reader_win.cc(123)] NtOpenThread: {Access Denied} A process has requested access to an object, but has not been granted those access rights. (0xc0000022)
[1016/085816.332:ERROR:process_reader_win.cc(123)] NtOpenThread: {Access Denied} A process has requested access to an object, but has not been granted those access rights. (0xc0000022)
[1016/085816.345:ERROR:exception_snapshot_win.cc(99)] thread ID 11924 not found in process
[1016/085816.345:ERROR:exception_snapshot_win.cc(99)] thread ID 11580 not found in process
[1016/092105.949:ERROR:process_reader_win.cc(123)] NtOpenThread: {Access Denied} A process has requested access to an object, but has not been granted those access rights. (0xc0000022)
[1016/092105.966:ERROR:process_reader_win.cc(123)] NtOpenThread: {Access Denied} A process has requested access to an object, but has not been granted those access rights. (0xc0000022)
[1016/092105.977:ERROR:exception_snapshot_win.cc(99)] thread ID 4700 not found in process
[1016/092105.977:ERROR:exception_snapshot_win.cc(99)] thread ID 11428 not found in process
[1016/105845.831:ERROR:process_reader_win.cc(123)] NtOpenThread: {Access Denied} A process has requested access to an object, but has not been granted those access rights. (0xc0000022)
[1016/105845.844:ERROR:process_reader_win.cc(123)] NtOpenThread: {Access Denied} A process has requested access to an object, but has not been granted those access rights. (0xc0000022)
[1016/105845.871:ERROR:exception_snapshot_win.cc(99)] thread ID 8940 not found in process
[1016/105845.872:ERROR:exception_snapshot_win.cc(99)] thread ID 10404 not found in process
[1016/111703.718:ERROR:process_reader_win.cc(151)] SuspendThread: Access is denied. (0x5)
[1016/111703.719:ERROR:process_reader_win.cc(151)] SuspendThread: Access is denied. (0x5)
[1016/111703.741:ERROR:process_reader_win.cc(151)] SuspendThread: Access is denied. (0x5)
[1016/111703.741:ERROR:process_reader_win.cc(151)] SuspendThread: Access is denied. (0x5)
[1016/111703.741:ERROR:process_reader_win.cc(151)] SuspendThread: Access is denied. (0x5)
[1016/111703.741:ERROR:process_reader_win.cc(151)] SuspendThread: Access is denied. (0x5)
[1016/111703.741:ERROR:process_reader_win.cc(151)] SuspendThread: Access is denied. (0x5)
[1016/111703.741:ERROR:process_reader_win.cc(151)] SuspendThread: Access is denied. (0x5)
[1016/111703.741:ERROR:process_reader_win.cc(151)] SuspendThread: Access is denied. (0x5)
[1016/111703.741:ERROR:process_reader_win.cc(151)] SuspendThread: Access is denied. (0x5)
[1016/111703.741:ERROR:process_reader_win.cc(151)] SuspendThread: Access is denied. (0x5)
[1016/111703.741:ERROR:process_reader_win.cc(151)] SuspendThread: Access is denied. (0x5)
[1016/111703.743:ERROR:process_reader_win.cc(151)] SuspendThread: Access is denied. (0x5)
[1016/111703.743:ERROR:process_reader_win.cc(151)] SuspendThread: Access is denied. (0x5)
[1016/111703.743:ERROR:process_reader_win.cc(151)] SuspendThread: Access is denied. (0x5)
[1016/111703.743:ERROR:process_reader_win.cc(151)] SuspendThread: Access is denied. (0x5)
[1016/111703.743:ERROR:process_reader_win.cc(151)] SuspendThread: Access is denied. (0x5)
[1016/111703.743:ERROR:process_reader_win.cc(151)] SuspendThread: Access is denied. (0x5)
[1016/111703.743:ERROR:process_reader_win.cc(151)] SuspendThread: Access is denied. (0x5)
[1016/111703.743:ERROR:process_reader_win.cc(151)] SuspendThread: Access is denied. (0x5)
[1016/111703.741:ERROR:process_reader_win.cc(123)] NtOpenThread: {Access Denied} A process has requested access to an object, but has not been granted those access rights. (0xc0000022)
[1016/111703.743:ERROR:process_reader_win.cc(123)] NtOpenThread: {Access Denied} A process has requested access to an object, but has not been granted those access rights. (0xc0000022)
[1016/111703.741:ERROR:process_reader_win.cc(123)] NtOpenThread: {Access Denied} A process has requested access to an object, but has not been granted those access rights. (0xc0000022)
[1016/111703.743:ERROR:process_reader_win.cc(123)] NtOpenThread: {Access Denied} A process has requested access to an object, but has not been granted those access rights. (0xc0000022)
[1016/111703.779:ERROR:exception_snapshot_win.cc(99)] thread ID 12836 not found in process
[1016/111703.779:ERROR:exception_snapshot_win.cc(99)] thread ID 13044 not found in process
[1016/111703.779:ERROR:exception_snapshot_win.cc(99)] thread ID 13036 not found in process
[1016/111703.779:ERROR:exception_snapshot_win.cc(99)] thread ID 12704 not found in process
[1016/153505.382:ERROR:process_reader_win.cc(123)] NtOpenThread: {Access Denied} A process has requested access to an object, but has not been granted those access rights. (0xc0000022)
[1016/153505.538:ERROR:exception_snapshot_win.cc(99)] thread ID 11956 not found in process
[1016/153505.607:ERROR:process_reader_win.cc(123)] NtOpenThread: {Access Denied} A process has requested access to an object, but has not been granted those access rights. (0xc0000022)
[1016/153505.607:ERROR:exception_snapshot_win.cc(99)] thread ID 14148 not found in process
[1016/185944.154:ERROR:process_reader_win.cc(123)] NtOpenThread: {Access Denied} A process has requested access to an object, but has not been granted those access rights. (0xc0000022)
[1016/185944.244:ERROR:exception_snapshot_win.cc(99)] thread ID 6748 not found in process
[1017/185636.330:ERROR:process_reader_win.cc(123)] NtOpenThread: {Access Denied} A process has requested access to an object, but has not been granted those access rights. (0xc0000022)
[1017/185636.327:ERROR:process_reader_win.cc(123)] NtOpenThread: {Access Denied} A process has requested access to an object, but has not been granted those access rights. (0xc0000022)
[1017/185636.343:ERROR:process_reader_win.cc(123)] NtOpenThread: {Access Denied} A process has requested access to an object, but has not been granted those access rights. (0xc0000022)
[1017/185636.574:ERROR:exception_snapshot_win.cc(99)] thread ID 12140 not found in process
[1017/185636.574:ERROR:exception_snapshot_win.cc(99)] thread ID 11364 not found in process
[1017/185636.574:ERROR:exception_snapshot_win.cc(99)] thread ID 10840 not found in process
[1017/191207.148:ERROR:process_reader_win.cc(151)] SuspendThread: Access is denied. (0x5)
[1017/191207.148:ERROR:process_reader_win.cc(151)] SuspendThread: Access is denied. (0x5)
[1017/191207.309:ERROR:process_reader_win.cc(123)] NtOpenThread: {Access Denied} A process has requested access to an object, but has not been granted those access rights. (0xc0000022)
[1017/191207.309:ERROR:process_reader_win.cc(123)] NtOpenThread: {Access Denied} A process has requested access to an object, but has not been granted those access rights. (0xc0000022)
[1017/191207.444:ERROR:exception_snapshot_win.cc(99)] thread ID 10740 not found in process
[1017/191207.444:ERROR:exception_snapshot_win.cc(99)] thread ID 2972 not found in process
[1017/191208.493:ERROR:process_reader_win.cc(123)] NtOpenThread: {Access Denied} A process has requested access to an object, but has not been granted those access rights. (0xc0000022)
[1017/191208.493:ERROR:process_reader_win.cc(123)] NtOpenThread: {Access Denied} A process has requested access to an object, but has not been granted those access rights. (0xc0000022)
[1017/191208.493:ERROR:exception_snapshot_win.cc(99)] thread ID 10812 not found in process
[1017/191208.493:ERROR:exception_snapshot_win.cc(99)] thread ID 10428 not found in process
[1017/191312.988:ERROR:process_reader_win.cc(151)] SuspendThread: Access is denied. (0x5)
[1017/191312.988:ERROR:process_reader_win.cc(123)] NtOpenThread: {Access Denied} A process has requested access to an object, but has not been granted those access rights. (0xc0000022)
[1017/191312.988:ERROR:process_reader_win.cc(123)] NtOpenThread: {Access Denied} A process has requested access to an object, but has not been granted those access rights. (0xc0000022)
[1017/191313.143:ERROR:exception_snapshot_win.cc(99)] thread ID 9828 not found in process
[1017/191313.143:ERROR:process_reader_win.cc(151)] SuspendThread: Access is denied. (0x5)
[1017/191313.143:ERROR:exception_snapshot_win.cc(99)] thread ID 12256 not found in process
[1017/191313.143:ERROR:process_reader_win.cc(123)] NtOpenThread: {Access Denied} A process has requested access to an object, but has not been granted those access rights. (0xc0000022)
[1017/191313.143:ERROR:exception_snapshot_win.cc(99)] thread ID 9912 not found in process
[1017/193922.440:ERROR:filesystem_win.cc(129)] GetFileAttributes C:\Users\SAM\AppData\Local\Temp\scoped_dir2404_1065695138\Crashpad\attachments\8f94566e-b846-4184-bf0c-ade741445ff9: The system cannot find the path specified. (0x3)
[1017/193922.928:ERROR:http_transport_win.cc(276)] WinHttpSendRequest: The operation completed successfully. (0x0)
[1017/193938.198:ERROR:process_reader_win.cc(123)] NtOpenThread: {Access Denied} A process has requested access to an object, but has not been granted those access rights. (0xc0000022)
[1017/193938.400:ERROR:exception_snapshot_win.cc(99)] thread ID 11468 not found in process
[1017/193941.024:ERROR:process_reader_win.cc(123)] NtOpenThread: {Access Denied} A process has requested access to an object, but has not been granted those access rights. (0xc0000022)
[1017/193941.025:ERROR:exception_snapshot_win.cc(99)] thread ID 1036 not found in process
[1017/193943.814:ERROR:process_reader_win.cc(123)] NtOpenThread: {Access Denied} A process has requested access to an object, but has not been granted those access rights. (0xc0000022)
[1017/193943.814:ERROR:exception_snapshot_win.cc(99)] thread ID 6584 not found in process
[1018/211300.090:ERROR:process_reader_win.cc(123)] NtOpenThread: {Access Denied} A process has requested access to an object, but has not been granted those access rights. (0xc0000022)
[1018/211300.090:ERROR:process_reader_win.cc(123)] NtOpenThread: {Access Denied} A process has requested access to an object, but has not been granted those access rights. (0xc0000022)
[1018/211300.463:ERROR:exception_snapshot_win.cc(99)] thread ID 10952 not found in process
[1018/211300.463:ERROR:exception_snapshot_win.cc(99)] thread ID 10956 not found in process
[1018/211301.282:ERROR:process_reader_win.cc(151)] SuspendThread: Access is denied. (0x5)
[1018/211301.282:ERROR:process_reader_win.cc(151)] SuspendThread: Access is denied. (0x5)
[1018/211301.282:ERROR:process_reader_win.cc(151)] SuspendThread: Access is denied. (0x5)
[1018/211301.282:ERROR:process_reader_win.cc(151)] SuspendThread: Access is denied. (0x5)
[1018/211301.282:ERROR:process_reader_win.cc(123)] NtOpenThread: {Access Denied} A process has requested access to an object, but has not been granted those access rights. (0xc0000022)
[1018/211301.282:ERROR:process_reader_win.cc(151)] SuspendThread: Access is denied. (0x5)
[1018/211301.282:ERROR:exception_snapshot_win.cc(99)] thread ID 10960 not found in process
[1018/211301.282:ERROR:process_reader_win.cc(123)] NtOpenThread: {Access Denied} A process has requested access to an object, but has not been granted those access rights. (0xc0000022)
[1018/211301.283:ERROR:exception_snapshot_win.cc(99)] thread ID 10964 not found in process
[1019/111330.858:ERROR:process_reader_win.cc(123)] NtOpenThread: {Access Denied} A process has requested access to an object, but has not been granted those access rights. (0xc0000022)
[1019/111330.849:ERROR:process_reader_win.cc(123)] NtOpenThread: {Access Denied} A process has requested access to an object, but has not been granted those access rights. (0xc0000022)
[1019/111330.887:ERROR:exception_snapshot_win.cc(99)] thread ID 9612 not found in process
[1019/111330.887:ERROR:exception_snapshot_win.cc(99)] thread ID 7044 not found in process
[1020/135716.751:ERROR:process_reader_win.cc(123)] NtOpenThread: {Access Denied} A process has requested access to an object, but has not been granted those access rights. (0xc0000022)
[1020/135716.745:ERROR:process_reader_win.cc(123)] NtOpenThread: {Access Denied} A process has requested access to an object, but has not been granted those access rights. (0xc0000022)
[1020/135716.875:ERROR:exception_snapshot_win.cc(99)] thread ID 9092 not found in process
[1020/135716.875:ERROR:exception_snapshot_win.cc(99)] thread ID 12228 not found in process
[1020/135906.101:ERROR:process_reader_win.cc(151)] SuspendThread: Access is denied. (0x5)
[1020/135906.102:ERROR:process_reader_win.cc(123)] NtOpenThread: {Access Denied} A process has requested access to an object, but has not been granted those access rights. (0xc0000022)
[1020/135906.103:ERROR:exception_snapshot_win.cc(99)] thread ID 9436 not found in process
[1020/135906.121:ERROR:process_reader_win.cc(123)] NtOpenThread: {Access Denied} A process has requested access to an object, but has not been granted those access rights. (0xc0000022)
[1020/135906.121:ERROR:exception_snapshot_win.cc(99)] thread ID 9808 not found in process
[1020/140016.098:ERROR:process_reader_win.cc(151)] SuspendThread: Access is denied. (0x5)
[1020/140016.099:ERROR:process_reader_win.cc(151)] SuspendThread: Access is denied. (0x5)
[1020/140016.121:ERROR:process_reader_win.cc(123)] NtOpenThread: {Access Denied} A process has requested access to an object, but has not been granted those access rights. (0xc0000022)
[1020/140016.121:ERROR:exception_snapshot_win.cc(99)] thread ID 3460 not found in process
[1020/140016.124:ERROR:process_reader_win.cc(151)] SuspendThread: Access is denied. (0x5)
[1020/140016.124:ERROR:process_reader_win.cc(151)] SuspendThread: Access is denied. (0x5)
[1020/140016.124:ERROR:process_reader_win.cc(151)] SuspendThread: Access is denied. (0x5)
[1020/140016.124:ERROR:process_reader_win.cc(151)] SuspendThread: Access is denied. (0x5)
[1020/140016.124:ERROR:process_reader_win.cc(151)] SuspendThread: Access is denied. (0x5)
[1020/140016.124:ERROR:process_reader_win.cc(123)] NtOpenThread: {Access Denied} A process has requested access to an object, but has not been granted those access rights. (0xc0000022)
[1020/140016.124:ERROR:exception_snapshot_win.cc(99)] thread ID 13004 not found in process
[1020/140412.256:ERROR:process_reader_win.cc(123)] NtOpenThread: {Access Denied} A process has requested access to an object, but has not been granted those access rights. (0xc0000022)
[1020/140412.260:ERROR:process_reader_win.cc(123)] NtOpenThread: {Access Denied} A process has requested access to an object, but has not been granted those access rights. (0xc0000022)
[1020/140412.273:ERROR:process_reader_win.cc(123)] NtOpenThread: {Access Denied} A process has requested access to an object, but has not been granted those access rights. (0xc0000022)
[1020/140412.288:ERROR:exception_snapshot_win.cc(99)] thread ID 10744 not found in process
[1020/140412.288:ERROR:exception_snapshot_win.cc(99)] thread ID 9016 not found in process
[1020/140412.288:ERROR:exception_snapshot_win.cc(99)] thread ID 7120 not found in process
[1020/140614.201:ERROR:process_reader_win.cc(151)] SuspendThread: Access is denied. (0x5)
[1020/140614.202:ERROR:process_reader_win.cc(123)] NtOpenThread: {Access Denied} A process has requested access to an object, but has not been granted those access rights. (0xc0000022)
[1020/140614.202:ERROR:exception_snapshot_win.cc(99)] thread ID 10900 not found in process
[1020/140614.220:ERROR:process_reader_win.cc(151)] SuspendThread: Access is denied. (0x5)
[1020/140614.220:ERROR:process_reader_win.cc(151)] SuspendThread: Access is denied. (0x5)
[1020/140614.220:ERROR:process_reader_win.cc(123)] NtOpenThread: {Access Denied} A process has requested access to an object, but has not been granted those access rights. (0xc0000022)
[1020/140614.220:ERROR:exception_snapshot_win.cc(99)] thread ID 5348 not found in process
[1020/140914.419:ERROR:process_reader_win.cc(151)] SuspendThread: Access is denied. (0x5)
[1020/140914.420:ERROR:process_reader_win.cc(123)] NtOpenThread: {Access Denied} A process has requested access to an object, but has not been granted those access rights. (0xc0000022)
[1020/140914.421:ERROR:exception_snapshot_win.cc(99)] thread ID 10860 not found in process
[1020/140914.441:ERROR:process_reader_win.cc(123)] NtOpenThread: {Access Denied} A process has requested access to an object, but has not been granted those access rights. (0xc0000022)
[1020/140914.441:ERROR:exception_snapshot_win.cc(99)] thread ID 2860 not found in process
[1020/141413.299:ERROR:process_reader_win.cc(123)] NtOpenThread: {Access Denied} A process has requested access to an object, but has not been granted those access rights. (0xc0000022)
[1020/141413.300:ERROR:exception_snapshot_win.cc(99)] thread ID 10300 not found in process
[1020/141413.320:ERROR:process_reader_win.cc(123)] NtOpenThread: {Access Denied} A process has requested access to an object, but has not been granted those access rights. (0xc0000022)
[1020/141413.320:ERROR:exception_snapshot_win.cc(99)] thread ID 12904 not found in process
[1020/141458.943:ERROR:process_reader_win.cc(123)] NtOpenThread: {Access Denied} A process has requested access to an object, but has not been granted those access rights. (0xc0000022)
[1020/141458.944:ERROR:exception_snapshot_win.cc(99)] thread ID 7604 not found in process
[1020/141458.962:ERROR:process_reader_win.cc(151)] SuspendThread: Access is denied. (0x5)
[1020/141458.963:ERROR:process_reader_win.cc(123)] NtOpenThread: {Access Denied} A process has requested access to an object, but has not been granted those access rights. (0xc0000022)
[1020/141458.963:ERROR:exception_snapshot_win.cc(99)] thread ID 11980 not found in process
[1027/084615.964:ERROR:process_reader_win.cc(123)] NtOpenThread: {Access Denied} A process has requested access to an object, but has not been granted those access rights. (0xc0000022)
[1027/084615.523:ERROR:process_reader_win.cc(123)] NtOpenThread: {Access Denied} A process has requested access to an object, but has not been granted those access rights. (0xc0000022)
[1027/084616.705:ERROR:exception_snapshot_win.cc(99)] thread ID 162096 not found in process
[1027/084616.705:ERROR:exception_snapshot_win.cc(99)] thread ID 162796 not found in process
